# JRE version: OpenJDK Runtime Environment (11.0.10) (build 11.0.10+0-b96-7249189)
# Java VM: OpenJDK 64-Bit Server VM (11.0.10+0-b96-7249189, mixed mode, tiered, compressed oops, g1 gc, windows-amd64)
Heap:
 garbage-first heap   total 227328K, used 100321K [0x0000000080000000, 0x0000000100000000)
  region size 1024K, 6 young (6144K), 6 survivors (6144K)
 Metaspace       used 91140K, capacity 93550K, committed 93560K, reserved 1130496K
  class space    used 11789K, capacity 12662K, committed 12664K, reserved 1048576K
GC Heap History (20 events):
Event: 7.319 GC heap after
{Heap after GC invocations=11 (full 0):
 garbage-first heap   total 157696K, used 40500K [0x0000000080000000, 0x0000000100000000)
  region size 1024K, 7 young (7168K), 7 survivors (7168K)
 Metaspace       used 42951K, capacity 43982K, committed 44160K, reserved 1087488K
  class space    used 5527K, capacity 5912K, committed 6016K, reserved 1048576K
}
Event: 8.341 GC heap before
{Heap before GC invocations=12 (full 0):
 garbage-first heap   total 157696K, used 118324K [0x0000000080000000, 0x0000000100000000)
  region size 1024K, 74 young (75776K), 7 survivors (7168K)
 Metaspace       used 47042K, capacity 48296K, committed 48512K, reserved 1091584K
  class space    used 5986K, capacity 6422K, committed 6528K, reserved 1048576K
}
Event: 8.355 GC heap after
{Heap after GC invocations=13 (full 0):
 garbage-first heap   total 157696K, used 54313K [0x0000000080000000, 0x0000000100000000)
  region size 1024K, 10 young (10240K), 10 survivors (10240K)
 Metaspace       used 47042K, capacity 48296K, committed 48512K, reserved 1091584K
  class space    used 5986K, capacity 6422K, committed 6528K, reserved 1048576K
}
Event: 9.097 GC heap before
{Heap before GC invocations=13 (full 0):
 garbage-first heap   total 157696K, used 117801K [0x0000000080000000, 0x0000000100000000)
  region size 1024K, 72 young (73728K), 10 survivors (10240K)
 Metaspace       used 50790K, capacity 52251K, committed 52352K, reserved 1095680K
  class space    used 6542K, capacity 7013K, committed 7040K, reserved 1048576K
}
Event: 9.117 GC heap after
{Heap after GC invocations=14 (full 0):
 garbage-first heap   total 157696K, used 58451K [0x0000000080000000, 0x0000000100000000)
  region size 1024K, 4 young (4096K), 4 survivors (4096K)
 Metaspace       used 50790K, capacity 52251K, committed 52352K, reserved 1095680K
  class space    used 6542K, capacity 7013K, committed 7040K, reserved 1048576K
}
Event: 9.885 GC heap before
{Heap before GC invocations=14 (full 0):
 garbage-first heap   total 157696K, used 128083K [0x0000000080000000, 0x0000000100000000)
  region size 1024K, 65 young (66560K), 4 survivors (4096K)
 Metaspace       used 55122K, capacity 56752K, committed 56832K, reserved 1097728K
  class space    used 7072K, capacity 7610K, committed 7680K, reserved 1048576K
}
Event: 9.896 GC heap after
{Heap after GC invocations=15 (full 0):
 garbage-first heap   total 189440K, used 74752K [0x0000000080000000, 0x0000000100000000)
  region size 1024K, 9 young (9216K), 9 survivors (9216K)
 Metaspace       used 55122K, capacity 56752K, committed 56832K, reserved 1097728K
  class space    used 7072K, capacity 7610K, committed 7680K, reserved 1048576K
}
Event: 10.807 GC heap before
{Heap before GC invocations=15 (full 0):
 garbage-first heap   total 189440K, used 141312K [0x0000000080000000, 0x0000000100000000)
  region size 1024K, 75 young (76800K), 9 survivors (9216K)
 Metaspace       used 63859K, capacity 65581K, committed 65920K, reserved 1105920K
  class space    used 8154K, capacity 8712K, committed 8832K, reserved 1048576K
}
Event: 10.819 GC heap after
{Heap after GC invocations=16 (full 0):
 garbage-first heap   total 189440K, used 80055K [0x0000000080000000, 0x0000000100000000)
  region size 1024K, 5 young (5120K), 5 survivors (5120K)
 Metaspace       used 63859K, capacity 65581K, committed 65920K, reserved 1105920K
  class space    used 8154K, capacity 8712K, committed 8832K, reserved 1048576K
}
Event: 11.528 GC heap before
{Heap before GC invocations=16 (full 0):
 garbage-first heap   total 189440K, used 147639K [0x0000000080000000, 0x0000000100000000)
  region size 1024K, 70 young (71680K), 5 survivors (5120K)
 Metaspace       used 68986K, capacity 70682K, committed 70912K, reserved 1110016K
  class space    used 8813K, capacity 9401K, committed 9472K, reserved 1048576K
}
Event: 11.539 GC heap after
{Heap after GC invocations=17 (full 0):
 garbage-first heap   total 189440K, used 84042K [0x0000000080000000, 0x0000000100000000)
  region size 1024K, 9 young (9216K), 9 survivors (9216K)
 Metaspace       used 68986K, capacity 70682K, committed 70912K, reserved 1110016K
  class space    used 8813K, capacity 9401K, committed 9472K, reserved 1048576K
}
Event: 11.928 GC heap before
{Heap before GC invocations=17 (full 0):
 garbage-first heap   total 189440K, used 125002K [0x0000000080000000, 0x0000000100000000)
  region size 1024K, 50 young (51200K), 9 survivors (9216K)
 Metaspace       used 72071K, capacity 73910K, committed 73984K, reserved 1114112K
  class space    used 9286K, capacity 9925K, committed 9984K, reserved 1048576K
}
Event: 11.944 GC heap after
{Heap after GC invocations=18 (full 0):
 garbage-first heap   total 189440K, used 87550K [0x0000000080000000, 0x0000000100000000)
  region size 1024K, 8 young (8192K), 8 survivors (8192K)
 Metaspace       used 72071K, capacity 73910K, committed 73984K, reserved 1114112K
  class space    used 9286K, capacity 9925K, committed 9984K, reserved 1048576K
}
Event: 13.877 GC heap before
{Heap before GC invocations=19 (full 0):
 garbage-first heap   total 189440K, used 151038K [0x0000000080000000, 0x0000000100000000)
  region size 1024K, 70 young (71680K), 8 survivors (8192K)
 Metaspace       used 78351K, capacity 80375K, committed 80632K, reserved 1118208K
  class space    used 10219K, capacity 10893K, committed 11000K, reserved 1048576K
}
Event: 13.898 GC heap after
{Heap after GC invocations=20 (full 0):
 garbage-first heap   total 189440K, used 90482K [0x0000000080000000, 0x0000000100000000)
  region size 1024K, 7 young (7168K), 7 survivors (7168K)
 Metaspace       used 78351K, capacity 80375K, committed 80632K, reserved 1118208K
  class space    used 10219K, capacity 10893K, committed 11000K, reserved 1048576K
}
Event: 15.408 GC heap before
{Heap before GC invocations=21 (full 0):
 garbage-first heap   total 189440K, used 153970K [0x0000000080000000, 0x0000000100000000)
  region size 1024K, 69 young (70656K), 7 survivors (7168K)
 Metaspace       used 82342K, capacity 84433K, committed 84728K, reserved 1122304K
  class space    used 10615K, capacity 11362K, committed 11512K, reserved 1048576K
}
Event: 15.423 GC heap after
{Heap after GC invocations=22 (full 0):
 garbage-first heap   total 189440K, used 94449K [0x0000000080000000, 0x0000000100000000)
  region size 1024K, 8 young (8192K), 8 survivors (8192K)
 Metaspace       used 82342K, capacity 84433K, committed 84728K, reserved 1122304K
  class space    used 10615K, capacity 11362K, committed 11512K, reserved 1048576K
}
Event: 17.285 GC heap before
{Heap before GC invocations=22 (full 0):
 garbage-first heap   total 189440K, used 154865K [0x0000000080000000, 0x0000000100000000)
  region size 1024K, 67 young (68608K), 8 survivors (8192K)
 Metaspace       used 89486K, capacity 91739K, committed 92024K, reserved 1128448K
  class space    used 11549K, capacity 12327K, committed 12408K, reserved 1048576K
}
Event: 17.301 GC heap after
{Heap after GC invocations=23 (full 0):
 garbage-first heap   total 189440K, used 98284K [0x0000000080000000, 0x0000000100000000)
  region size 1024K, 8 young (8192K), 8 survivors (8192K)
 Metaspace       used 89486K, capacity 91739K, committed 92024K, reserved 1128448K
  class space    used 11549K, capacity 12327K, committed 12408K, reserved 1048576K
}
Event: 18.420 GC heap before
{Heap before GC invocations=24 (full 0):
 garbage-first heap   total 189440K, used 124908K [0x0000000080000000, 0x0000000100000000)
  region size 1024K, 35 young (35840K), 8 survivors (8192K)
 Metaspace       used 91140K, capacity 93550K, committed 93560K, reserved 1130496K
  class space    used 11789K, capacity 12662K, committed 12664K, reserved 1048576K
}

