# JRE version: OpenJDK Runtime Environment (11.0.10) (build 11.0.10+0-b96-7249189)
# Java VM: OpenJDK 64-Bit Server VM (11.0.10+0-b96-7249189, mixed mode, tiered, compressed oops, g1 gc, windows-amd64)
Heap:
 garbage-first heap   total 189440K, used 104696K [0x0000000080000000, 0x0000000100000000)
  region size 1024K, 13 young (13312K), 8 survivors (8192K)
 Metaspace       used 87861K, capacity 90253K, committed 90368K, reserved 1136640K
  class space    used 11376K, capacity 12231K, committed 12288K, reserved 1048576K
GC Heap History (20 events):
Event: 7.220 GC heap before
{Heap before GC invocations=12 (full 0):
 garbage-first heap   total 131072K, used 104851K [0x0000000080000000, 0x0000000100000000)
  region size 1024K, 61 young (62464K), 7 survivors (7168K)
 Metaspace       used 46140K, capacity 47341K, committed 47616K, reserved 1091584K
  class space    used 5845K, capacity 6274K, committed 6400K, reserved 1048576K
}
Event: 7.233 GC heap after
{Heap after GC invocations=13 (full 0):
 garbage-first heap   total 157696K, used 53422K [0x0000000080000000, 0x0000000100000000)
  region size 1024K, 6 young (6144K), 6 survivors (6144K)
 Metaspace       used 46140K, capacity 47341K, committed 47616K, reserved 1091584K
  class space    used 5845K, capacity 6274K, committed 6400K, reserved 1048576K
}
Event: 7.911 GC heap before
{Heap before GC invocations=13 (full 0):
 garbage-first heap   total 157696K, used 114862K [0x0000000080000000, 0x0000000100000000)
  region size 1024K, 66 young (67584K), 6 survivors (6144K)
 Metaspace       used 49416K, capacity 50789K, committed 50944K, reserved 1093632K
  class space    used 6393K, capacity 6827K, committed 6912K, reserved 1048576K
}
Event: 7.922 GC heap after
{Heap after GC invocations=14 (full 0):
 garbage-first heap   total 157696K, used 57375K [0x0000000080000000, 0x0000000100000000)
  region size 1024K, 4 young (4096K), 4 survivors (4096K)
 Metaspace       used 49416K, capacity 50789K, committed 50944K, reserved 1093632K
  class space    used 6393K, capacity 6827K, committed 6912K, reserved 1048576K
}
Event: 9.074 GC heap before
{Heap before GC invocations=14 (full 0):
 garbage-first heap   total 157696K, used 125983K [0x0000000080000000, 0x0000000100000000)
  region size 1024K, 64 young (65536K), 4 survivors (4096K)
 Metaspace       used 52814K, capacity 54333K, committed 54528K, reserved 1095680K
  class space    used 6868K, capacity 7336K, committed 7424K, reserved 1048576K
}
Event: 9.084 GC heap after
{Heap after GC invocations=15 (full 0):
 garbage-first heap   total 157696K, used 74541K [0x0000000080000000, 0x0000000100000000)
  region size 1024K, 8 young (8192K), 8 survivors (8192K)
 Metaspace       used 52814K, capacity 54333K, committed 54528K, reserved 1095680K
  class space    used 6868K, capacity 7336K, committed 7424K, reserved 1048576K
}
Event: 9.767 GC heap before
{Heap before GC invocations=15 (full 0):
 garbage-first heap   total 157696K, used 122669K [0x0000000080000000, 0x0000000100000000)
  region size 1024K, 55 young (56320K), 8 survivors (8192K)
 Metaspace       used 56817K, capacity 58482K, committed 58624K, reserved 1099776K
  class space    used 7367K, capacity 7904K, committed 7936K, reserved 1048576K
}
Event: 9.778 GC heap after
{Heap after GC invocations=16 (full 0):
 garbage-first heap   total 157696K, used 78473K [0x0000000080000000, 0x0000000100000000)
  region size 1024K, 4 young (4096K), 4 survivors (4096K)
 Metaspace       used 56817K, capacity 58482K, committed 58624K, reserved 1099776K
  class space    used 7367K, capacity 7904K, committed 7936K, reserved 1048576K
}
Event: 10.390 GC heap before
{Heap before GC invocations=16 (full 0):
 garbage-first heap   total 157696K, used 124553K [0x0000000080000000, 0x0000000100000000)
  region size 1024K, 49 young (50176K), 4 survivors (4096K)
 Metaspace       used 63173K, capacity 64821K, committed 65152K, reserved 1105920K
  class space    used 8133K, capacity 8716K, committed 8832K, reserved 1048576K
}
Event: 10.398 GC heap after
{Heap after GC invocations=17 (full 0):
 garbage-first heap   total 189440K, used 79930K [0x0000000080000000, 0x0000000100000000)
  region size 1024K, 5 young (5120K), 5 survivors (5120K)
 Metaspace       used 63173K, capacity 64821K, committed 65152K, reserved 1105920K
  class space    used 8133K, capacity 8716K, committed 8832K, reserved 1048576K
}
Event: 11.209 GC heap before
{Heap before GC invocations=18 (full 0):
 garbage-first heap   total 189440K, used 140346K [0x0000000080000000, 0x0000000100000000)
  region size 1024K, 65 young (66560K), 5 survivors (5120K)
 Metaspace       used 70192K, capacity 71998K, committed 72192K, reserved 1112064K
  class space    used 9010K, capacity 9607K, committed 9728K, reserved 1048576K
}
Event: 11.220 GC heap after
{Heap after GC invocations=19 (full 0):
 garbage-first heap   total 189440K, used 84454K [0x0000000080000000, 0x0000000100000000)
  region size 1024K, 9 young (9216K), 9 survivors (9216K)
 Metaspace       used 70192K, capacity 71998K, committed 72192K, reserved 1112064K
  class space    used 9010K, capacity 9607K, committed 9728K, reserved 1048576K
}
Event: 11.861 GC heap before
{Heap before GC invocations=19 (full 0):
 garbage-first heap   total 189440K, used 144870K [0x0000000080000000, 0x0000000100000000)
  region size 1024K, 68 young (69632K), 9 survivors (9216K)
 Metaspace       used 74177K, capacity 76233K, committed 76288K, reserved 1116160K
  class space    used 9535K, capacity 10201K, committed 10240K, reserved 1048576K
}
Event: 11.876 GC heap after
{Heap after GC invocations=20 (full 0):
 garbage-first heap   total 189440K, used 88611K [0x0000000080000000, 0x0000000100000000)
  region size 1024K, 5 young (5120K), 5 survivors (5120K)
 Metaspace       used 74177K, capacity 76233K, committed 76288K, reserved 1116160K
  class space    used 9535K, capacity 10201K, committed 10240K, reserved 1048576K
}
Event: 12.661 GC heap before
{Heap before GC invocations=20 (full 0):
 garbage-first heap   total 189440K, used 148003K [0x0000000080000000, 0x0000000100000000)
  region size 1024K, 63 young (64512K), 5 survivors (5120K)
 Metaspace       used 79608K, capacity 81673K, committed 81792K, reserved 1120256K
  class space    used 10376K, capacity 11094K, committed 11136K, reserved 1048576K
}
Event: 12.672 GC heap after
{Heap after GC invocations=21 (full 0):
 garbage-first heap   total 189440K, used 92232K [0x0000000080000000, 0x0000000100000000)
  region size 1024K, 8 young (8192K), 8 survivors (8192K)
 Metaspace       used 79608K, capacity 81673K, committed 81792K, reserved 1120256K
  class space    used 10376K, capacity 11094K, committed 11136K, reserved 1048576K
}
Event: 13.363 GC heap before
{Heap before GC invocations=21 (full 0):
 garbage-first heap   total 189440K, used 150600K [0x0000000080000000, 0x0000000100000000)
  region size 1024K, 65 young (66560K), 8 survivors (8192K)
 Metaspace       used 83953K, capacity 86235K, committed 86272K, reserved 1124352K
  class space    used 10963K, capacity 11768K, committed 11776K, reserved 1048576K
}
Event: 13.378 GC heap after
{Heap after GC invocations=22 (full 0):
 garbage-first heap   total 189440K, used 95517K [0x0000000080000000, 0x0000000100000000)
  region size 1024K, 8 young (8192K), 8 survivors (8192K)
 Metaspace       used 83953K, capacity 86235K, committed 86272K, reserved 1124352K
  class space    used 10963K, capacity 11768K, committed 11776K, reserved 1048576K
}
Event: 13.803 GC heap before
{Heap before GC invocations=22 (full 0):
 garbage-first heap   total 189440K, used 140573K [0x0000000080000000, 0x0000000100000000)
  region size 1024K, 53 young (54272K), 8 survivors (8192K)
 Metaspace       used 86760K, capacity 89191K, committed 89472K, reserved 1126400K
  class space    used 11329K, capacity 12133K, committed 12160K, reserved 1048576K
}
Event: 13.817 GC heap after
{Heap after GC invocations=23 (full 0):
 garbage-first heap   total 189440K, used 99576K [0x0000000080000000, 0x0000000100000000)
  region size 1024K, 8 young (8192K), 8 survivors (8192K)
 Metaspace       used 86760K, capacity 89191K, committed 89472K, reserved 1126400K
  class space    used 11329K, capacity 12133K, committed 12160K, reserved 1048576K
}

