# JRE version: OpenJDK Runtime Environment (11.0.10) (build 11.0.10+0-b96-7249189)
# Java VM: OpenJDK 64-Bit Server VM (11.0.10+0-b96-7249189, mixed mode, tiered, compressed oops, g1 gc, windows-amd64)
Heap:
 garbage-first heap   total 689152K, used 329654K [0x0000000080000000, 0x0000000100000000)
  region size 1024K, 4 young (4096K), 4 survivors (4096K)
 Metaspace       used 136595K, capacity 140479K, committed 140544K, reserved 1171456K
  class space    used 17382K, capacity 18887K, committed 18944K, reserved 1048576K
GC Heap History (20 events):
Event: 3077.891 GC heap after
{Heap after GC invocations=132 (full 0):
 garbage-first heap   total 273408K, used 204535K [0x0000000080000000, 0x0000000100000000)
  region size 1024K, 6 young (6144K), 6 survivors (6144K)
 Metaspace       used 135911K, capacity 139858K, committed 140032K, reserved 1171456K
  class space    used 17394K, capacity 18925K, committed 18944K, reserved 1048576K
}
Event: 3078.085 GC heap before
{Heap before GC invocations=132 (full 0):
 garbage-first heap   total 273408K, used 240375K [0x0000000080000000, 0x0000000100000000)
  region size 1024K, 31 young (31744K), 6 survivors (6144K)
 Metaspace       used 135978K, capacity 139925K, committed 140032K, reserved 1171456K
  class space    used 17394K, capacity 18925K, committed 18944K, reserved 1048576K
}
Event: 3078.099 GC heap after
{Heap after GC invocations=133 (full 0):
 garbage-first heap   total 273408K, used 222500K [0x0000000080000000, 0x0000000100000000)
  region size 1024K, 4 young (4096K), 4 survivors (4096K)
 Metaspace       used 135978K, capacity 139925K, committed 140032K, reserved 1171456K
  class space    used 17394K, capacity 18925K, committed 18944K, reserved 1048576K
}
Event: 3078.213 GC heap before
{Heap before GC invocations=133 (full 0):
 garbage-first heap   total 273408K, used 234788K [0x0000000080000000, 0x0000000100000000)
  region size 1024K, 16 young (16384K), 4 survivors (4096K)
 Metaspace       used 135978K, capacity 139925K, committed 140032K, reserved 1171456K
  class space    used 17394K, capacity 18925K, committed 18944K, reserved 1048576K
}
Event: 3078.228 GC heap after
{Heap after GC invocations=134 (full 0):
 garbage-first heap   total 328704K, used 227766K [0x0000000080000000, 0x0000000100000000)
  region size 1024K, 2 young (2048K), 2 survivors (2048K)
 Metaspace       used 135978K, capacity 139925K, committed 140032K, reserved 1171456K
  class space    used 17394K, capacity 18925K, committed 18944K, reserved 1048576K
}
Event: 3078.596 GC heap before
{Heap before GC invocations=135 (full 0):
 garbage-first heap   total 328704K, used 263606K [0x0000000080000000, 0x0000000100000000)
  region size 1024K, 38 young (38912K), 2 survivors (2048K)
 Metaspace       used 135977K, capacity 139885K, committed 140288K, reserved 1171456K
  class space    used 17363K, capacity 18862K, committed 18944K, reserved 1048576K
}
Event: 3078.636 GC heap after
{Heap after GC invocations=136 (full 0):
 garbage-first heap   total 328704K, used 241664K [0x0000000080000000, 0x0000000100000000)
  region size 1024K, 5 young (5120K), 5 survivors (5120K)
 Metaspace       used 135977K, capacity 139885K, committed 140288K, reserved 1171456K
  class space    used 17363K, capacity 18862K, committed 18944K, reserved 1048576K
}
Event: 3078.739 GC heap before
{Heap before GC invocations=136 (full 0):
 garbage-first heap   total 328704K, used 252928K [0x0000000080000000, 0x0000000100000000)
  region size 1024K, 16 young (16384K), 5 survivors (5120K)
 Metaspace       used 136050K, capacity 139891K, committed 140288K, reserved 1171456K
  class space    used 17363K, capacity 18862K, committed 18944K, reserved 1048576K
}
Event: 3078.782 GC heap after
{Heap after GC invocations=137 (full 0):
 garbage-first heap   total 328704K, used 225762K [0x0000000080000000, 0x0000000100000000)
  region size 1024K, 2 young (2048K), 2 survivors (2048K)
 Metaspace       used 136050K, capacity 139891K, committed 140288K, reserved 1171456K
  class space    used 17363K, capacity 18862K, committed 18944K, reserved 1048576K
}
Event: 3078.944 GC heap before
{Heap before GC invocations=137 (full 0):
 garbage-first heap   total 328704K, used 260578K [0x0000000080000000, 0x0000000100000000)
  region size 1024K, 37 young (37888K), 2 survivors (2048K)
 Metaspace       used 136078K, capacity 139956K, committed 140288K, reserved 1171456K
  class space    used 17363K, capacity 18862K, committed 18944K, reserved 1048576K
}
Event: 3078.985 GC heap after
{Heap after GC invocations=138 (full 0):
 garbage-first heap   total 328704K, used 245760K [0x0000000080000000, 0x0000000100000000)
  region size 1024K, 5 young (5120K), 5 survivors (5120K)
 Metaspace       used 136078K, capacity 139956K, committed 140288K, reserved 1171456K
  class space    used 17363K, capacity 18862K, committed 18944K, reserved 1048576K
}
Event: 3079.075 GC heap before
{Heap before GC invocations=138 (full 0):
 garbage-first heap   total 328704K, used 268288K [0x0000000080000000, 0x0000000100000000)
  region size 1024K, 28 young (28672K), 5 survivors (5120K)
 Metaspace       used 136087K, capacity 139956K, committed 140288K, reserved 1171456K
  class space    used 17364K, capacity 18862K, committed 18944K, reserved 1048576K
}
Event: 3079.104 GC heap after
{Heap after GC invocations=139 (full 0):
 garbage-first heap   total 520192K, used 258560K [0x0000000080000000, 0x0000000100000000)
  region size 1024K, 4 young (4096K), 4 survivors (4096K)
 Metaspace       used 136087K, capacity 139956K, committed 140288K, reserved 1171456K
  class space    used 17364K, capacity 18862K, committed 18944K, reserved 1048576K
}
Event: 3079.861 GC heap before
{Heap before GC invocations=139 (full 0):
 garbage-first heap   total 520192K, used 337408K [0x0000000080000000, 0x0000000100000000)
  region size 1024K, 81 young (82944K), 4 survivors (4096K)
 Metaspace       used 136194K, capacity 140032K, committed 140288K, reserved 1171456K
  class space    used 17366K, capacity 18864K, committed 18944K, reserved 1048576K
}
Event: 3079.914 GC heap after
{Heap after GC invocations=140 (full 0):
 garbage-first heap   total 520192K, used 291328K [0x0000000080000000, 0x0000000100000000)
  region size 1024K, 11 young (11264K), 11 survivors (11264K)
 Metaspace       used 136194K, capacity 140032K, committed 140288K, reserved 1171456K
  class space    used 17366K, capacity 18864K, committed 18944K, reserved 1048576K
}
Event: 3080.569 GC heap before
{Heap before GC invocations=140 (full 0):
 garbage-first heap   total 520192K, used 363008K [0x0000000080000000, 0x0000000100000000)
  region size 1024K, 81 young (82944K), 11 survivors (11264K)
 Metaspace       used 136323K, capacity 140170K, committed 140288K, reserved 1171456K
  class space    used 17377K, capacity 18884K, committed 18944K, reserved 1048576K
}
Event: 3080.604 GC heap after
{Heap after GC invocations=141 (full 0):
 garbage-first heap   total 520192K, used 300979K [0x0000000080000000, 0x0000000100000000)
  region size 1024K, 8 young (8192K), 8 survivors (8192K)
 Metaspace       used 136323K, capacity 140170K, committed 140288K, reserved 1171456K
  class space    used 17377K, capacity 18884K, committed 18944K, reserved 1048576K
}
Event: 3081.307 GC heap before
{Heap before GC invocations=141 (full 0):
 garbage-first heap   total 520192K, used 385971K [0x0000000080000000, 0x0000000100000000)
  region size 1024K, 81 young (82944K), 8 survivors (8192K)
 Metaspace       used 136375K, capacity 140237K, committed 140544K, reserved 1171456K
  class space    used 17378K, capacity 18884K, committed 18944K, reserved 1048576K
}
Event: 3081.350 GC heap after
{Heap after GC invocations=142 (full 0):
 garbage-first heap   total 520192K, used 320361K [0x0000000080000000, 0x0000000100000000)
  region size 1024K, 10 young (10240K), 10 survivors (10240K)
 Metaspace       used 136375K, capacity 140237K, committed 140544K, reserved 1171456K
  class space    used 17378K, capacity 18884K, committed 18944K, reserved 1048576K
}
Event: 3082.099 GC heap before
{Heap before GC invocations=142 (full 0):
 garbage-first heap   total 520192K, used 409449K [0x0000000080000000, 0x0000000100000000)
  region size 1024K, 81 young (82944K), 10 survivors (10240K)
 Metaspace       used 136595K, capacity 140479K, committed 140544K, reserved 1171456K
  class space    used 17382K, capacity 18887K, committed 18944K, reserved 1048576K
}

