# JRE version: OpenJDK Runtime Environment (11.0.10) (build 11.0.10+0-b96-7249189)
# Java VM: OpenJDK 64-Bit Server VM (11.0.10+0-b96-7249189, mixed mode, tiered, compressed oops, g1 gc, windows-amd64)
Heap:
 garbage-first heap   total 227328K, used 172947K [0x0000000080000000, 0x0000000100000000)
  region size 1024K, 87 young (89088K), 13 survivors (13312K)
 Metaspace       used 86341K, capacity 88709K, committed 88832K, reserved 1126400K
  class space    used 11174K, capacity 12009K, committed 12032K, reserved 1048576K
GC Heap History (20 events):
Event: 81.516 GC heap before
{Heap before GC invocations=74 (full 0):
 garbage-first heap   total 227328K, used 202255K [0x0000000080000000, 0x0000000100000000)
  region size 1024K, 125 young (128000K), 1 survivors (1024K)
 Metaspace       used 57709K, capacity 59526K, committed 59648K, reserved 1101824K
  class space    used 7350K, capacity 7934K, committed 7936K, reserved 1048576K
}
Event: 81.518 GC heap after
{Heap after GC invocations=75 (full 0):
 garbage-first heap   total 227328K, used 76445K [0x0000000080000000, 0x0000000100000000)
  region size 1024K, 2 young (2048K), 2 survivors (2048K)
 Metaspace       used 57709K, capacity 59526K, committed 59648K, reserved 1101824K
  class space    used 7350K, capacity 7934K, committed 7936K, reserved 1048576K
}
Event: 81.863 GC heap before
{Heap before GC invocations=75 (full 0):
 garbage-first heap   total 227328K, used 200349K [0x0000000080000000, 0x0000000100000000)
  region size 1024K, 123 young (125952K), 2 survivors (2048K)
 Metaspace       used 57709K, capacity 59526K, committed 59648K, reserved 1101824K
  class space    used 7350K, capacity 7934K, committed 7936K, reserved 1048576K
}
Event: 81.866 GC heap after
{Heap after GC invocations=76 (full 0):
 garbage-first heap   total 227328K, used 78201K [0x0000000080000000, 0x0000000100000000)
  region size 1024K, 4 young (4096K), 4 survivors (4096K)
 Metaspace       used 57709K, capacity 59526K, committed 59648K, reserved 1101824K
  class space    used 7350K, capacity 7934K, committed 7936K, reserved 1048576K
}
Event: 82.176 GC heap before
{Heap before GC invocations=76 (full 0):
 garbage-first heap   total 227328K, used 198009K [0x0000000080000000, 0x0000000100000000)
  region size 1024K, 121 young (123904K), 4 survivors (4096K)
 Metaspace       used 57709K, capacity 59526K, committed 59648K, reserved 1101824K
  class space    used 7350K, capacity 7934K, committed 7936K, reserved 1048576K
}
Event: 82.179 GC heap after
{Heap after GC invocations=77 (full 0):
 garbage-first heap   total 227328K, used 79846K [0x0000000080000000, 0x0000000100000000)
  region size 1024K, 5 young (5120K), 5 survivors (5120K)
 Metaspace       used 57709K, capacity 59526K, committed 59648K, reserved 1101824K
  class space    used 7350K, capacity 7934K, committed 7936K, reserved 1048576K
}
Event: 83.384 GC heap before
{Heap before GC invocations=77 (full 0):
 garbage-first heap   total 227328K, used 196582K [0x0000000080000000, 0x0000000100000000)
  region size 1024K, 120 young (122880K), 5 survivors (5120K)
 Metaspace       used 57710K, capacity 59526K, committed 59648K, reserved 1101824K
  class space    used 7350K, capacity 7934K, committed 7936K, reserved 1048576K
}
Event: 83.387 GC heap after
{Heap after GC invocations=78 (full 0):
 garbage-first heap   total 227328K, used 72513K [0x0000000080000000, 0x0000000100000000)
  region size 1024K, 1 young (1024K), 1 survivors (1024K)
 Metaspace       used 57710K, capacity 59526K, committed 59648K, reserved 1101824K
  class space    used 7350K, capacity 7934K, committed 7936K, reserved 1048576K
}
Event: 86.361 GC heap before
{Heap before GC invocations=78 (full 0):
 garbage-first heap   total 227328K, used 199489K [0x0000000080000000, 0x0000000100000000)
  region size 1024K, 123 young (125952K), 1 survivors (1024K)
 Metaspace       used 57711K, capacity 59526K, committed 59648K, reserved 1101824K
  class space    used 7350K, capacity 7934K, committed 7936K, reserved 1048576K
}
Event: 86.363 GC heap after
{Heap after GC invocations=79 (full 0):
 garbage-first heap   total 227328K, used 74807K [0x0000000080000000, 0x0000000100000000)
  region size 1024K, 1 young (1024K), 1 survivors (1024K)
 Metaspace       used 57711K, capacity 59526K, committed 59648K, reserved 1101824K
  class space    used 7350K, capacity 7934K, committed 7936K, reserved 1048576K
}
Event: 87.478 GC heap before
{Heap before GC invocations=79 (full 0):
 garbage-first heap   total 227328K, used 198711K [0x0000000080000000, 0x0000000100000000)
  region size 1024K, 122 young (124928K), 1 survivors (1024K)
 Metaspace       used 57715K, capacity 59526K, committed 59648K, reserved 1101824K
  class space    used 7350K, capacity 7934K, committed 7936K, reserved 1048576K
}
Event: 87.480 GC heap after
{Heap after GC invocations=80 (full 0):
 garbage-first heap   total 227328K, used 72072K [0x0000000080000000, 0x0000000100000000)
  region size 1024K, 1 young (1024K), 1 survivors (1024K)
 Metaspace       used 57715K, capacity 59526K, committed 59648K, reserved 1101824K
  class space    used 7350K, capacity 7934K, committed 7936K, reserved 1048576K
}
Event: 95.247 GC heap before
{Heap before GC invocations=80 (full 0):
 garbage-first heap   total 227328K, used 204168K [0x0000000080000000, 0x0000000100000000)
  region size 1024K, 123 young (125952K), 1 survivors (1024K)
 Metaspace       used 63076K, capacity 64974K, committed 65024K, reserved 1105920K
  class space    used 8045K, capacity 8700K, committed 8704K, reserved 1048576K
}
Event: 95.253 GC heap after
{Heap after GC invocations=81 (full 0):
 garbage-first heap   total 227328K, used 88396K [0x0000000080000000, 0x0000000100000000)
  region size 1024K, 9 young (9216K), 9 survivors (9216K)
 Metaspace       used 63076K, capacity 64974K, committed 65024K, reserved 1105920K
  class space    used 8045K, capacity 8700K, committed 8704K, reserved 1048576K
}
Event: 96.175 GC heap before
{Heap before GC invocations=81 (full 0):
 garbage-first heap   total 227328K, used 97612K [0x0000000080000000, 0x0000000100000000)
  region size 1024K, 19 young (19456K), 9 survivors (9216K)
 Metaspace       used 64528K, capacity 66476K, committed 66560K, reserved 1107968K
  class space    used 8202K, capacity 8880K, committed 8960K, reserved 1048576K
}
Event: 96.189 GC heap after
{Heap after GC invocations=82 (full 0):
 garbage-first heap   total 227328K, used 88479K [0x0000000080000000, 0x0000000100000000)
  region size 1024K, 1 young (1024K), 1 survivors (1024K)
 Metaspace       used 64528K, capacity 66476K, committed 66560K, reserved 1107968K
  class space    used 8202K, capacity 8880K, committed 8960K, reserved 1048576K
}
Event: 98.977 GC heap before
{Heap before GC invocations=83 (full 0):
 garbage-first heap   total 227328K, used 179615K [0x0000000080000000, 0x0000000100000000)
  region size 1024K, 93 young (95232K), 1 survivors (1024K)
 Metaspace       used 74706K, capacity 76712K, committed 77056K, reserved 1116160K
  class space    used 9488K, capacity 10142K, committed 10240K, reserved 1048576K
}
Event: 98.986 GC heap after
{Heap after GC invocations=84 (full 0):
 garbage-first heap   total 227328K, used 91154K [0x0000000080000000, 0x0000000100000000)
  region size 1024K, 7 young (7168K), 7 survivors (7168K)
 Metaspace       used 74706K, capacity 76712K, committed 77056K, reserved 1116160K
  class space    used 9488K, capacity 10142K, committed 10240K, reserved 1048576K
}
Event: 101.055 GC heap before
{Heap before GC invocations=84 (full 0):
 garbage-first heap   total 227328K, used 183314K [0x0000000080000000, 0x0000000100000000)
  region size 1024K, 97 young (99328K), 7 survivors (7168K)
 Metaspace       used 81317K, capacity 83489K, committed 83712K, reserved 1122304K
  class space    used 10471K, capacity 11218K, committed 11264K, reserved 1048576K
}
Event: 101.070 GC heap after
{Heap after GC invocations=85 (full 0):
 garbage-first heap   total 227328K, used 98195K [0x0000000080000000, 0x0000000100000000)
  region size 1024K, 13 young (13312K), 13 survivors (13312K)
 Metaspace       used 81317K, capacity 83489K, committed 83712K, reserved 1122304K
  class space    used 10471K, capacity 11218K, committed 11264K, reserved 1048576K
}

